<?xml version="1.0" encoding="UTF-8"?>
<!-- Generated by org.testng.reporters.JUnitReportReporter -->
<testsuite hostname="Sasikumar" failures="0" tests="1" name="tests.Index" time="1.299" errors="0" timestamp="2024-04-27T03:10:32 IST" skipped="0">
  <testcase classname="tests.Index" name="AccountPageUI" time="1.299"/>
</testsuite> <!-- tests.Index -->
